<<<<<<< HEAD
-------------------------------------------------------------------------------
Test set: stoneage.InventaireTest
-------------------------------------------------------------------------------
Tests run: 6, Failures: 0, Errors: 0, Skipped: 0, Time elapsed: 0.01 s - in stoneage.InventaireTest
=======
-------------------------------------------------------------------------------
Test set: stoneage.InventaireTest
-------------------------------------------------------------------------------
Tests run: 6, Failures: 1, Errors: 0, Skipped: 0, Time elapsed: 0.031 s <<< FAILURE! - in stoneage.InventaireTest
subOuvrier  Time elapsed: 0.024 s  <<< FAILURE!
java.lang.AssertionError: expected:<3> but was:<4>
	at stoneage.InventaireTest.subOuvrier(InventaireTest.java:22)

>>>>>>> ddaf2f7e7f6eb075639c8b0193ed194776bde9f6
