<?xml version="1.0" encoding="UTF-8"?>
<testsuite xmlns:xsi="http://www.w3.org/2001/XMLSchema-instance" xsi:noNamespaceSchemaLocation="https://maven.apache.org/surefire/maven-surefire-plugin/xsd/surefire-test-report.xsd" name="stoneage.InventaireTest" time="0.024" tests="6" errors="0" skipped="0" failures="0">
  <properties>
[...]
</properties>
  <testcase name="addRessource" classname="stoneage.InventaireTest" time="0.01"/>
  <testcase name="getNbOuvrier" classname="stoneage.InventaireTest" time="0"/>
  <testcase name="setNbRessource" classname="stoneage.InventaireTest" time="0"/>
  <testcase name="setNbOuvrier" classname="stoneage.InventaireTest" time="0"/>
  <testcase name="getNbRessource" classname="stoneage.InventaireTest" time="0.001"/>
  <testcase name="subOuvrier" classname="stoneage.InventaireTest" time="0.001"/>
</testsuite>